------------------------------------------------------------------------
(0.004) SELECT "core_project"."id", "core_project"."name", "core_project"."slug", "core_project"."description", "core_project"."enable_reports_generation" FROM "core_project" WHERE "core_project"."enable_reports_generation" = True ; args=(True,)
(0.001) SELECT "steering_report"."id", "steering_report"."date", "steering_report"."project_id", "steering_report"."current_iteration_id", "steering_report"."new_subjects", "steering_report"."open_subjects", "steering_report"."closed_solved_subjects", "steering_report"."closed_unsolved_subjects", "steering_report"."file" FROM "steering_report" WHERE ("steering_report"."date" = 2011-10-22  AND "steering_report"."project_id" = 2 ); args=('2011-10-22', 2)
(0.001) SELECT "steering_iteration"."id", "steering_iteration"."name", "steering_iteration"."rank", "steering_iteration"."description", "steering_iteration"."provisional_start_date", "steering_iteration"."provisional_end_date", "steering_iteration"."effective_start_date", "steering_iteration"."effective_end_date", "steering_iteration"."state_id", "steering_iteration"."project_id", "steering_iteration"."slug", "steering_iteration"."current" FROM "steering_iteration" WHERE ("steering_iteration"."project_id" = 2  AND "steering_iteration"."current" = True ); args=(2, True)
(0.001) SELECT "steering_subject"."id", "steering_subject"."name", "steering_subject"."content", "steering_subject"."author_id", "steering_subject"."updated_at", "steering_subject"."created_at", "steering_subject"."state_id", "steering_subject"."iteration_id", "steering_subject"."slug" FROM "steering_subject" WHERE ("steering_subject"."iteration_id" = 4  AND "steering_subject"."created_at" >= 2011-10-20 00:00:00 ); args=(4, u'2011-10-20 00:00:00')
(0.000) SELECT "steering_state"."id", "steering_state"."name", "steering_state"."type", "steering_state"."rank", "steering_state"."icon" FROM "steering_state" WHERE "steering_state"."name" = Open ; args=('Open',)
(0.000) SELECT "steering_subject"."id", "steering_subject"."name", "steering_subject"."content", "steering_subject"."author_id", "steering_subject"."updated_at", "steering_subject"."created_at", "steering_subject"."state_id", "steering_subject"."iteration_id", "steering_subject"."slug" FROM "steering_subject" WHERE ("steering_subject"."state_id" = 4  AND "steering_subject"."iteration_id" = 4 ); args=(4, 4)
(0.000) SELECT "steering_iteration"."id", "steering_iteration"."name", "steering_iteration"."rank", "steering_iteration"."description", "steering_iteration"."provisional_start_date", "steering_iteration"."provisional_end_date", "steering_iteration"."effective_start_date", "steering_iteration"."effective_end_date", "steering_iteration"."state_id", "steering_iteration"."project_id", "steering_iteration"."slug", "steering_iteration"."current" FROM "steering_iteration" WHERE "steering_iteration"."id" = 4 ; args=(4,)
(0.000) SELECT "core_project"."id", "core_project"."name", "core_project"."slug", "core_project"."description", "core_project"."enable_reports_generation" FROM "core_project" WHERE "core_project"."id" = 2 ; args=(2,)
(0.000) SELECT "core_projectactor"."id", "core_projectactor"."project_id", "core_projectactor"."user_id" FROM "core_projectactor" WHERE "core_projectactor"."id" = 3 ; args=(3,)
(0.000) SELECT "auth_user"."id", "auth_user"."username", "auth_user"."first_name", "auth_user"."last_name", "auth_user"."email", "auth_user"."password", "auth_user"."is_staff", "auth_user"."is_active", "auth_user"."is_superuser", "auth_user"."last_login", "auth_user"."date_joined" FROM "auth_user" WHERE "auth_user"."id" = 2 ; args=(2,)
(0.000) SELECT COUNT(*) FROM "steering_reply" WHERE "steering_reply"."subject_id" = 3 ; args=(3,)
(0.000) SELECT COUNT(*) FROM "steering_reply" WHERE "steering_reply"."subject_id" = 3 ; args=(3,)
(0.000) SELECT "steering_iteration"."id", "steering_iteration"."name", "steering_iteration"."rank", "steering_iteration"."description", "steering_iteration"."provisional_start_date", "steering_iteration"."provisional_end_date", "steering_iteration"."effective_start_date", "steering_iteration"."effective_end_date", "steering_iteration"."state_id", "steering_iteration"."project_id", "steering_iteration"."slug", "steering_iteration"."current" FROM "steering_iteration" WHERE "steering_iteration"."id" = 4 ; args=(4,)
(0.000) SELECT "core_project"."id", "core_project"."name", "core_project"."slug", "core_project"."description", "core_project"."enable_reports_generation" FROM "core_project" WHERE "core_project"."id" = 2 ; args=(2,)
(0.000) SELECT "core_projectactor"."id", "core_projectactor"."project_id", "core_projectactor"."user_id" FROM "core_projectactor" WHERE "core_projectactor"."id" = 3 ; args=(3,)
(0.000) SELECT "auth_user"."id", "auth_user"."username", "auth_user"."first_name", "auth_user"."last_name", "auth_user"."email", "auth_user"."password", "auth_user"."is_staff", "auth_user"."is_active", "auth_user"."is_superuser", "auth_user"."last_login", "auth_user"."date_joined" FROM "auth_user" WHERE "auth_user"."id" = 2 ; args=(2,)
(0.000) SELECT COUNT(*) FROM "steering_reply" WHERE "steering_reply"."subject_id" = 5 ; args=(5,)
(0.000) SELECT COUNT(*) FROM "steering_reply" WHERE "steering_reply"."subject_id" = 5 ; args=(5,)
(0.000) SELECT "steering_state"."id", "steering_state"."name", "steering_state"."type", "steering_state"."rank", "steering_state"."icon" FROM "steering_state" WHERE "steering_state"."name" = Closed [Solved] ; args=('Closed [Solved]',)
(0.000) SELECT "steering_subject"."id", "steering_subject"."name", "steering_subject"."content", "steering_subject"."author_id", "steering_subject"."updated_at", "steering_subject"."created_at", "steering_subject"."state_id", "steering_subject"."iteration_id", "steering_subject"."slug" FROM "steering_subject" WHERE ("steering_subject"."state_id" = 5  AND "steering_subject"."iteration_id" = 4 ); args=(5, 4)
(0.000) SELECT "steering_iteration"."id", "steering_iteration"."name", "steering_iteration"."rank", "steering_iteration"."description", "steering_iteration"."provisional_start_date", "steering_iteration"."provisional_end_date", "steering_iteration"."effective_start_date", "steering_iteration"."effective_end_date", "steering_iteration"."state_id", "steering_iteration"."project_id", "steering_iteration"."slug", "steering_iteration"."current" FROM "steering_iteration" WHERE "steering_iteration"."id" = 4 ; args=(4,)
(0.000) SELECT "core_project"."id", "core_project"."name", "core_project"."slug", "core_project"."description", "core_project"."enable_reports_generation" FROM "core_project" WHERE "core_project"."id" = 2 ; args=(2,)
(0.000) SELECT "core_projectactor"."id", "core_projectactor"."project_id", "core_projectactor"."user_id" FROM "core_projectactor" WHERE "core_projectactor"."id" = 3 ; args=(3,)
(0.000) SELECT "auth_user"."id", "auth_user"."username", "auth_user"."first_name", "auth_user"."last_name", "auth_user"."email", "auth_user"."password", "auth_user"."is_staff", "auth_user"."is_active", "auth_user"."is_superuser", "auth_user"."last_login", "auth_user"."date_joined" FROM "auth_user" WHERE "auth_user"."id" = 2 ; args=(2,)
(0.000) SELECT COUNT(*) FROM "steering_reply" WHERE "steering_reply"."subject_id" = 6 ; args=(6,)
(0.000) SELECT COUNT(*) FROM "steering_reply" WHERE "steering_reply"."subject_id" = 6 ; args=(6,)
(0.000) SELECT "steering_state"."id", "steering_state"."name", "steering_state"."type", "steering_state"."rank", "steering_state"."icon" FROM "steering_state" WHERE "steering_state"."name" = Closed [Unsolved] ; args=('Closed [Unsolved]',)
(0.000) SELECT "steering_subject"."id", "steering_subject"."name", "steering_subject"."content", "steering_subject"."author_id", "steering_subject"."updated_at", "steering_subject"."created_at", "steering_subject"."state_id", "steering_subject"."iteration_id", "steering_subject"."slug" FROM "steering_subject" WHERE ("steering_subject"."state_id" = 6  AND "steering_subject"."iteration_id" = 4 ); args=(6, 4)
(0.000) SELECT "steering_iteration"."id", "steering_iteration"."name", "steering_iteration"."rank", "steering_iteration"."description", "steering_iteration"."provisional_start_date", "steering_iteration"."provisional_end_date", "steering_iteration"."effective_start_date", "steering_iteration"."effective_end_date", "steering_iteration"."state_id", "steering_iteration"."project_id", "steering_iteration"."slug", "steering_iteration"."current" FROM "steering_iteration" WHERE "steering_iteration"."id" = 4 ; args=(4,)
(0.000) SELECT "core_project"."id", "core_project"."name", "core_project"."slug", "core_project"."description", "core_project"."enable_reports_generation" FROM "core_project" WHERE "core_project"."id" = 2 ; args=(2,)
(0.000) SELECT "core_projectactor"."id", "core_projectactor"."project_id", "core_projectactor"."user_id" FROM "core_projectactor" WHERE "core_projectactor"."id" = 3 ; args=(3,)
(0.000) SELECT "auth_user"."id", "auth_user"."username", "auth_user"."first_name", "auth_user"."last_name", "auth_user"."email", "auth_user"."password", "auth_user"."is_staff", "auth_user"."is_active", "auth_user"."is_superuser", "auth_user"."last_login", "auth_user"."date_joined" FROM "auth_user" WHERE "auth_user"."id" = 2 ; args=(2,)
(0.000) SELECT COUNT(*) FROM "steering_reply" WHERE "steering_reply"."subject_id" = 4 ; args=(4,)
(0.000) SELECT COUNT(*) FROM "steering_reply" WHERE "steering_reply"."subject_id" = 4 ; args=(4,)
(0.005) INSERT INTO "steering_report" ("date", "project_id", "current_iteration_id", "new_subjects", "open_subjects", "closed_solved_subjects", "closed_unsolved_subjects", "file") VALUES (2011-10-22, 2, 4, {'total': 0, 'subjects': [], 'replies': 0}, {'total': 2, 'subjects': [{'url': '/projects/laborange/iterations/2-sprint-0/subjects/3/4-cadrage/', 'posted_at': '10/10/11 14:22', 'total_replies': 1, 'name': u'Cadrage', 'author': u'Ludovic LEGENDART'}, {'url': '/projects/laborange/iterations/2-sprint-0/subjects/5/4-brver/', 'posted_at': '10/10/11 14:23', 'total_replies': 0, 'name': u'brver', 'author': u'Ludovic LEGENDART'}], 'replies': 1}, {'total': 1, 'subjects': [{'url': '/projects/laborange/iterations/2-sprint-0/subjects/6/4-brver/', 'posted_at': '10/10/11 14:23', 'total_replies': 1, 'name': u'brver', 'author': u'Ludovic LEGENDART'}], 'replies': 1}, {'total': 1, 'subjects': [{'url': '/projects/laborange/iterations/2-sprint-0/subjects/4/4-tito/', 'posted_at': '10/10/11 14:23', 'total_replies': 0, 'name': u'Tito', 'author': u'Ludovic LEGENDART'}], 'replies': 0}, ); args=('2011-10-22', 2, 4, "{'total': 0, 'subjects': [], 'replies': 0}", "{'total': 2, 'subjects': [{'url': '/projects/laborange/iterations/2-sprint-0/subjects/3/4-cadrage/', 'posted_at': '10/10/11 14:22', 'total_replies': 1, 'name': u'Cadrage', 'author': u'Ludovic LEGENDART'}, {'url': '/projects/laborange/iterations/2-sprint-0/subjects/5/4-brver/', 'posted_at': '10/10/11 14:23', 'total_replies': 0, 'name': u'brver', 'author': u'Ludovic LEGENDART'}], 'replies': 1}", "{'total': 1, 'subjects': [{'url': '/projects/laborange/iterations/2-sprint-0/subjects/6/4-brver/', 'posted_at': '10/10/11 14:23', 'total_replies': 1, 'name': u'brver', 'author': u'Ludovic LEGENDART'}], 'replies': 1}", "{'total': 1, 'subjects': [{'url': '/projects/laborange/iterations/2-sprint-0/subjects/4/4-tito/', 'posted_at': '10/10/11 14:23', 'total_replies': 0, 'name': u'Tito', 'author': u'Ludovic LEGENDART'}], 'replies': 0}", u'')
(0.000) SELECT "auth_group"."id", "auth_group"."name" FROM "auth_group" WHERE "auth_group"."name" = lab'Orange ; args=(u"lab'Orange",)
(0.000) SELECT "django_content_type"."id", "django_content_type"."name", "django_content_type"."app_label", "django_content_type"."model" FROM "django_content_type" WHERE ("django_content_type"."model" = report  AND "django_content_type"."app_label" = steering ); args=('report', 'steering')
(0.000) SELECT "auth_permission"."id", "auth_permission"."name", "auth_permission"."content_type_id", "auth_permission"."codename" FROM "auth_permission" WHERE ("auth_permission"."codename" = view_report  AND "auth_permission"."content_type_id" = 20 ); args=('view_report', 20)
(0.000) SELECT "guardian_groupobjectpermission"."id", "guardian_groupobjectpermission"."permission_id", "guardian_groupobjectpermission"."content_type_id", "guardian_groupobjectpermission"."object_pk", "guardian_groupobjectpermission"."group_id" FROM "guardian_groupobjectpermission" WHERE ("guardian_groupobjectpermission"."object_pk" = 5  AND "guardian_groupobjectpermission"."group_id" = 2  AND "guardian_groupobjectpermission"."content_type_id" = 20  AND "guardian_groupobjectpermission"."permission_id" = 66 ); args=(u'5', 2, 20, 66)
(0.000) SELECT "django_content_type"."id", "django_content_type"."name", "django_content_type"."app_label", "django_content_type"."model" FROM "django_content_type" WHERE "django_content_type"."id" = 20 ; args=(20,)
(0.000) INSERT INTO "guardian_groupobjectpermission" ("permission_id", "content_type_id", "object_pk", "group_id") VALUES (66, 20, 5, 2); args=(66, 20, u'5', 2)
(0.000) SELECT "steering_iteration"."id", "steering_iteration"."name", "steering_iteration"."rank", "steering_iteration"."description", "steering_iteration"."provisional_start_date", "steering_iteration"."provisional_end_date", "steering_iteration"."effective_start_date", "steering_iteration"."effective_end_date", "steering_iteration"."state_id", "steering_iteration"."project_id", "steering_iteration"."slug", "steering_iteration"."current" FROM "steering_iteration" WHERE "steering_iteration"."project_id" = 2  ORDER BY "steering_iteration"."rank" ASC; args=(2,)
(0.000) SELECT "steering_state"."id", "steering_state"."name", "steering_state"."type", "steering_state"."rank", "steering_state"."icon" FROM "steering_state" WHERE "steering_state"."id" = 1 ; args=(1,)
(0.000) SELECT "steering_state"."id", "steering_state"."name", "steering_state"."type", "steering_state"."rank", "steering_state"."icon" FROM "steering_state" WHERE "steering_state"."name" = Finished ; args=('Finished',)
(0.000) SELECT "steering_report_upcoming_iterations"."iteration_id" FROM "steering_report_upcoming_iterations" WHERE ("steering_report_upcoming_iterations"."report_id" = 5  AND "steering_report_upcoming_iterations"."iteration_id" IN (5)); args=(5, 5)
(0.000) INSERT INTO "steering_report_upcoming_iterations" ("report_id", "iteration_id") VALUES (5, 5); args=(5, 5)
(0.000) SELECT (1) AS "a" FROM "steering_report" WHERE "steering_report"."id" = 5  LIMIT 1; args=(5,)
(0.000) UPDATE "steering_report" SET "date" = 2011-10-22, "project_id" = 2, "current_iteration_id" = 4, "new_subjects" = {'total': 0, 'subjects': [], 'replies': 0}, "open_subjects" = {'total': 2, 'subjects': [{'url': '/projects/laborange/iterations/2-sprint-0/subjects/3/4-cadrage/', 'posted_at': '10/10/11 14:22', 'total_replies': 1, 'name': u'Cadrage', 'author': u'Ludovic LEGENDART'}, {'url': '/projects/laborange/iterations/2-sprint-0/subjects/5/4-brver/', 'posted_at': '10/10/11 14:23', 'total_replies': 0, 'name': u'brver', 'author': u'Ludovic LEGENDART'}], 'replies': 1}, "closed_solved_subjects" = {'total': 1, 'subjects': [{'url': '/projects/laborange/iterations/2-sprint-0/subjects/6/4-brver/', 'posted_at': '10/10/11 14:23', 'total_replies': 1, 'name': u'brver', 'author': u'Ludovic LEGENDART'}], 'replies': 1}, "closed_unsolved_subjects" = {'total': 1, 'subjects': [{'url': '/projects/laborange/iterations/2-sprint-0/subjects/4/4-tito/', 'posted_at': '10/10/11 14:23', 'total_replies': 0, 'name': u'Tito', 'author': u'Ludovic LEGENDART'}], 'replies': 0}, "file" =  WHERE "steering_report"."id" = 5 ; args=('2011-10-22', 2, 4, "{'total': 0, 'subjects': [], 'replies': 0}", "{'total': 2, 'subjects': [{'url': '/projects/laborange/iterations/2-sprint-0/subjects/3/4-cadrage/', 'posted_at': '10/10/11 14:22', 'total_replies': 1, 'name': u'Cadrage', 'author': u'Ludovic LEGENDART'}, {'url': '/projects/laborange/iterations/2-sprint-0/subjects/5/4-brver/', 'posted_at': '10/10/11 14:23', 'total_replies': 0, 'name': u'brver', 'author': u'Ludovic LEGENDART'}], 'replies': 1}", "{'total': 1, 'subjects': [{'url': '/projects/laborange/iterations/2-sprint-0/subjects/6/4-brver/', 'posted_at': '10/10/11 14:23', 'total_replies': 1, 'name': u'brver', 'author': u'Ludovic LEGENDART'}], 'replies': 1}", "{'total': 1, 'subjects': [{'url': '/projects/laborange/iterations/2-sprint-0/subjects/4/4-tito/', 'posted_at': '10/10/11 14:23', 'total_replies': 0, 'name': u'Tito', 'author': u'Ludovic LEGENDART'}], 'replies': 0}", u'', 5)
(0.000) SELECT "auth_group"."id", "auth_group"."name" FROM "auth_group" WHERE "auth_group"."name" = lab'Orange ; args=(u"lab'Orange",)
(0.000) SELECT "auth_permission"."id", "auth_permission"."name", "auth_permission"."content_type_id", "auth_permission"."codename" FROM "auth_permission" WHERE ("auth_permission"."codename" = view_report  AND "auth_permission"."content_type_id" = 20 ); args=('view_report', 20)
(0.000) SELECT "guardian_groupobjectpermission"."id", "guardian_groupobjectpermission"."permission_id", "guardian_groupobjectpermission"."content_type_id", "guardian_groupobjectpermission"."object_pk", "guardian_groupobjectpermission"."group_id" FROM "guardian_groupobjectpermission" WHERE ("guardian_groupobjectpermission"."object_pk" = 5  AND "guardian_groupobjectpermission"."group_id" = 2  AND "guardian_groupobjectpermission"."content_type_id" = 20  AND "guardian_groupobjectpermission"."permission_id" = 66 ); args=(u'5', 2, 20, 66)
(0.003) SELECT "django_site"."id", "django_site"."domain", "django_site"."name" FROM "django_site" WHERE "django_site"."id" = 1 ; args=(1,)
(0.000) SELECT "core_project"."id", "core_project"."name", "core_project"."slug", "core_project"."description", "core_project"."enable_reports_generation" FROM "core_project" WHERE "core_project"."id" = 2 ; args=(2,)
(0.000) SELECT COUNT(*) FROM "steering_subject" WHERE "steering_subject"."iteration_id" = 4 ; args=(4,)
(0.000) SELECT "steering_subject"."id", "steering_subject"."name", "steering_subject"."content", "steering_subject"."author_id", "steering_subject"."updated_at", "steering_subject"."created_at", "steering_subject"."state_id", "steering_subject"."iteration_id", "steering_subject"."slug" FROM "steering_subject" WHERE "steering_subject"."iteration_id" = 4 ; args=(4,)
(0.000) SELECT COUNT(*) FROM "steering_reply" WHERE "steering_reply"."subject_id" = 3 ; args=(3,)
(0.000) SELECT COUNT(*) FROM "steering_reply" WHERE "steering_reply"."subject_id" = 4 ; args=(4,)
(0.000) SELECT COUNT(*) FROM "steering_reply" WHERE "steering_reply"."subject_id" = 5 ; args=(5,)
(0.000) SELECT COUNT(*) FROM "steering_reply" WHERE "steering_reply"."subject_id" = 6 ; args=(6,)
(0.000) SELECT "steering_iteration"."id", "steering_iteration"."name", "steering_iteration"."rank", "steering_iteration"."description", "steering_iteration"."provisional_start_date", "steering_iteration"."provisional_end_date", "steering_iteration"."effective_start_date", "steering_iteration"."effective_end_date", "steering_iteration"."state_id", "steering_iteration"."project_id", "steering_iteration"."slug", "steering_iteration"."current" FROM "steering_iteration" INNER JOIN "steering_report_completed_iterations" ON ("steering_iteration"."id" = "steering_report_completed_iterations"."iteration_id") WHERE "steering_report_completed_iterations"."report_id" = 5  ORDER BY "steering_iteration"."rank" ASC; args=(5,)
(0.000) SELECT "steering_iteration"."id", "steering_iteration"."name", "steering_iteration"."rank", "steering_iteration"."description", "steering_iteration"."provisional_start_date", "steering_iteration"."provisional_end_date", "steering_iteration"."effective_start_date", "steering_iteration"."effective_end_date", "steering_iteration"."state_id", "steering_iteration"."project_id", "steering_iteration"."slug", "steering_iteration"."current" FROM "steering_iteration" INNER JOIN "steering_report_upcoming_iterations" ON ("steering_iteration"."id" = "steering_report_upcoming_iterations"."iteration_id") WHERE "steering_report_upcoming_iterations"."report_id" = 5  ORDER BY "steering_iteration"."rank" ASC; args=(5,)
(0.000) SELECT (1) AS "a" FROM "steering_report" WHERE "steering_report"."id" = 5  LIMIT 1; args=(5,)
(0.002) UPDATE "steering_report" SET "date" = 2011-10-22, "project_id" = 2, "current_iteration_id" = 4, "new_subjects" = {'total': 0, 'subjects': [], 'replies': 0}, "open_subjects" = {'total': 2, 'subjects': [{'url': '/projects/laborange/iterations/2-sprint-0/subjects/3/4-cadrage/', 'posted_at': '10/10/11 14:22', 'total_replies': 1, 'name': u'Cadrage', 'author': u'Ludovic LEGENDART'}, {'url': '/projects/laborange/iterations/2-sprint-0/subjects/5/4-brver/', 'posted_at': '10/10/11 14:23', 'total_replies': 0, 'name': u'brver', 'author': u'Ludovic LEGENDART'}], 'replies': 1}, "closed_solved_subjects" = {'total': 1, 'subjects': [{'url': '/projects/laborange/iterations/2-sprint-0/subjects/6/4-brver/', 'posted_at': '10/10/11 14:23', 'total_replies': 1, 'name': u'brver', 'author': u'Ludovic LEGENDART'}], 'replies': 1}, "closed_unsolved_subjects" = {'total': 1, 'subjects': [{'url': '/projects/laborange/iterations/2-sprint-0/subjects/4/4-tito/', 'posted_at': '10/10/11 14:23', 'total_replies': 0, 'name': u'Tito', 'author': u'Ludovic LEGENDART'}], 'replies': 0}, "file" = report_files/labOrange_Daily-Report_2011-10-22.xls WHERE "steering_report"."id" = 5 ; args=('2011-10-22', 2, 4, "{'total': 0, 'subjects': [], 'replies': 0}", "{'total': 2, 'subjects': [{'url': '/projects/laborange/iterations/2-sprint-0/subjects/3/4-cadrage/', 'posted_at': '10/10/11 14:22', 'total_replies': 1, 'name': u'Cadrage', 'author': u'Ludovic LEGENDART'}, {'url': '/projects/laborange/iterations/2-sprint-0/subjects/5/4-brver/', 'posted_at': '10/10/11 14:23', 'total_replies': 0, 'name': u'brver', 'author': u'Ludovic LEGENDART'}], 'replies': 1}", "{'total': 1, 'subjects': [{'url': '/projects/laborange/iterations/2-sprint-0/subjects/6/4-brver/', 'posted_at': '10/10/11 14:23', 'total_replies': 1, 'name': u'brver', 'author': u'Ludovic LEGENDART'}], 'replies': 1}", "{'total': 1, 'subjects': [{'url': '/projects/laborange/iterations/2-sprint-0/subjects/4/4-tito/', 'posted_at': '10/10/11 14:23', 'total_replies': 0, 'name': u'Tito', 'author': u'Ludovic LEGENDART'}], 'replies': 0}", u'report_files/labOrange_Daily-Report_2011-10-22.xls', 5)
(0.000) SELECT "auth_group"."id", "auth_group"."name" FROM "auth_group" WHERE "auth_group"."name" = lab'Orange ; args=(u"lab'Orange",)
(0.000) SELECT "auth_permission"."id", "auth_permission"."name", "auth_permission"."content_type_id", "auth_permission"."codename" FROM "auth_permission" WHERE ("auth_permission"."codename" = view_report  AND "auth_permission"."content_type_id" = 20 ); args=('view_report', 20)
(0.000) SELECT "guardian_groupobjectpermission"."id", "guardian_groupobjectpermission"."permission_id", "guardian_groupobjectpermission"."content_type_id", "guardian_groupobjectpermission"."object_pk", "guardian_groupobjectpermission"."group_id" FROM "guardian_groupobjectpermission" WHERE ("guardian_groupobjectpermission"."object_pk" = 5  AND "guardian_groupobjectpermission"."group_id" = 2  AND "guardian_groupobjectpermission"."content_type_id" = 20  AND "guardian_groupobjectpermission"."permission_id" = 66 ); args=(u'5', 2, 20, 66)
(0.000) SELECT "core_projectactor"."id", "core_projectactor"."project_id", "core_projectactor"."user_id" FROM "core_projectactor" WHERE "core_projectactor"."project_id" = 2 ; args=(2,)
(0.000) SELECT "auth_user"."id", "auth_user"."username", "auth_user"."first_name", "auth_user"."last_name", "auth_user"."email", "auth_user"."password", "auth_user"."is_staff", "auth_user"."is_active", "auth_user"."is_superuser", "auth_user"."last_login", "auth_user"."date_joined" FROM "auth_user" WHERE "auth_user"."id" = 2 ; args=(2,)
(0.000) SELECT "auth_user"."id", "auth_user"."username", "auth_user"."first_name", "auth_user"."last_name", "auth_user"."email", "auth_user"."password", "auth_user"."is_staff", "auth_user"."is_active", "auth_user"."is_superuser", "auth_user"."last_login", "auth_user"."date_joined" FROM "auth_user" WHERE "auth_user"."id" = 3 ; args=(3,)
(0.000) SELECT "steering_report"."id", "steering_report"."date", "steering_report"."project_id", "steering_report"."current_iteration_id", "steering_report"."new_subjects", "steering_report"."open_subjects", "steering_report"."closed_solved_subjects", "steering_report"."closed_unsolved_subjects", "steering_report"."file" FROM "steering_report" WHERE "steering_report"."id" = 5 ; args=(5,)
(0.000) INSERT INTO "notification_noticequeuebatch" ("pickled_data") VALUES (KGxwMQooSTIKUydkYWlseV9yZXBvcnRfZ2VuZXJhdGVkJwpwMgooZHAzClMncmVwb3J0JwpwNApj
ZGphbmdvLmRiLm1vZGVscy5iYXNlCm1vZGVsX3VucGlja2xlCnA1CihjYXBwLnN0ZWVyaW5nLm1v
ZGVscwpSZXBvcnQKcDYKKGxjZGphbmdvLmRiLm1vZGVscy5iYXNlCnNpbXBsZV9jbGFzc19mYWN0
b3J5CnA3CnRScDgKKGRwOQpTJ29wZW5fc3ViamVjdHMnCnAxMApWeyd0b3RhbCc6IDIsICdzdWJq
ZWN0cyc6IFt7J3VybCc6ICcvcHJvamVjdHMvbGFib3JhbmdlL2l0ZXJhdGlvbnMvMi1zcHJpbnQt
MC9zdWJqZWN0cy8zLzQtY2FkcmFnZS8nLCAncG9zdGVkX2F0JzogJzEwLzEwLzExIDE0OjIyJywg
J3RvdGFsX3JlcGxpZXMnOiAxLCAnbmFtZSc6IHUnQ2FkcmFnZScsICdhdXRob3InOiB1J0x1ZG92
aWMgTEVHRU5EQVJUJ30sIHsndXJsJzogJy9wcm9qZWN0cy9sYWJvcmFuZ2UvaXRlcmF0aW9ucy8y
LXNwcmludC0wL3N1YmplY3RzLzUvNC1icnZlci8nLCAncG9zdGVkX2F0JzogJzEwLzEwLzExIDE0
OjIzJywgJ3RvdGFsX3JlcGxpZXMnOiAwLCAnbmFtZSc6IHUnYnJ2ZXInLCAnYXV0aG9yJzogdSdM
dWRvdmljIExFR0VOREFSVCd9XSwgJ3JlcGxpZXMnOiAxfQpwMTEKc1MnX3N0YXRlJwpwMTIKY2Nv
cHlfcmVnCl9yZWNvbnN0cnVjdG9yCnAxMwooY2RqYW5nby5kYi5tb2RlbHMuYmFzZQpNb2RlbFN0
YXRlCnAxNApjX19idWlsdGluX18Kb2JqZWN0CnAxNQpOdFJwMTYKKGRwMTcKUydhZGRpbmcnCnAx
OApJMDAKc1MnZGInCnAxOQpTJ2RlZmF1bHQnCnAyMApzYnNTJ2N1cnJlbnRfaXRlcmF0aW9uX2lk
JwpwMjEKSTQKc1MnY2xvc2VkX3NvbHZlZF9zdWJqZWN0cycKcDIyClZ7J3RvdGFsJzogMSwgJ3N1
YmplY3RzJzogW3sndXJsJzogJy9wcm9qZWN0cy9sYWJvcmFuZ2UvaXRlcmF0aW9ucy8yLXNwcmlu
dC0wL3N1YmplY3RzLzYvNC1icnZlci8nLCAncG9zdGVkX2F0JzogJzEwLzEwLzExIDE0OjIzJywg
J3RvdGFsX3JlcGxpZXMnOiAxLCAnbmFtZSc6IHUnYnJ2ZXInLCAnYXV0aG9yJzogdSdMdWRvdmlj
IExFR0VOREFSVCd9XSwgJ3JlcGxpZXMnOiAxfQpwMjMKc1MnZmlsZScKcDI0ClZyZXBvcnRfZmls
ZXMvbGFiT3JhbmdlX0RhaWx5LVJlcG9ydF8yMDExLTEwLTIyLnhscwpwMjUKc1MnZGF0ZScKcDI2
CmNkYXRldGltZQpkYXRlCnAyNwooUydceDA3XHhkYlxuXHgxNicKdFJwMjgKc1MncHJvamVjdF9p
ZCcKcDI5CkkyCnNTJ2lkJwpwMzAKSTUKc1MnbmV3X3N1YmplY3RzJwpwMzEKVnsndG90YWwnOiAw
LCAnc3ViamVjdHMnOiBbXSwgJ3JlcGxpZXMnOiAwfQpwMzIKc1MnY2xvc2VkX3Vuc29sdmVkX3N1
YmplY3RzJwpwMzMKVnsndG90YWwnOiAxLCAnc3ViamVjdHMnOiBbeyd1cmwnOiAnL3Byb2plY3Rz
L2xhYm9yYW5nZS9pdGVyYXRpb25zLzItc3ByaW50LTAvc3ViamVjdHMvNC80LXRpdG8vJywgJ3Bv
c3RlZF9hdCc6ICcxMC8xMC8xMSAxNDoyMycsICd0b3RhbF9yZXBsaWVzJzogMCwgJ25hbWUnOiB1
J1RpdG8nLCAnYXV0aG9yJzogdSdMdWRvdmljIExFR0VOREFSVCd9XSwgJ3JlcGxpZXMnOiAwfQpw
MzQKc2JzSTAxCk50cDM1CmEoSTMKZzIKZzMKSTAxCk50cDM2CmEu
); args=('KGxwMQooSTIKUydkYWlseV9yZXBvcnRfZ2VuZXJhdGVkJwpwMgooZHAzClMncmVwb3J0JwpwNApj\nZGphbmdvLmRiLm1vZGVscy5iYXNlCm1vZGVsX3VucGlja2xlCnA1CihjYXBwLnN0ZWVyaW5nLm1v\nZGVscwpSZXBvcnQKcDYKKGxjZGphbmdvLmRiLm1vZGVscy5iYXNlCnNpbXBsZV9jbGFzc19mYWN0\nb3J5CnA3CnRScDgKKGRwOQpTJ29wZW5fc3ViamVjdHMnCnAxMApWeyd0b3RhbCc6IDIsICdzdWJq\nZWN0cyc6IFt7J3VybCc6ICcvcHJvamVjdHMvbGFib3JhbmdlL2l0ZXJhdGlvbnMvMi1zcHJpbnQt\nMC9zdWJqZWN0cy8zLzQtY2FkcmFnZS8nLCAncG9zdGVkX2F0JzogJzEwLzEwLzExIDE0OjIyJywg\nJ3RvdGFsX3JlcGxpZXMnOiAxLCAnbmFtZSc6IHUnQ2FkcmFnZScsICdhdXRob3InOiB1J0x1ZG92\naWMgTEVHRU5EQVJUJ30sIHsndXJsJzogJy9wcm9qZWN0cy9sYWJvcmFuZ2UvaXRlcmF0aW9ucy8y\nLXNwcmludC0wL3N1YmplY3RzLzUvNC1icnZlci8nLCAncG9zdGVkX2F0JzogJzEwLzEwLzExIDE0\nOjIzJywgJ3RvdGFsX3JlcGxpZXMnOiAwLCAnbmFtZSc6IHUnYnJ2ZXInLCAnYXV0aG9yJzogdSdM\ndWRvdmljIExFR0VOREFSVCd9XSwgJ3JlcGxpZXMnOiAxfQpwMTEKc1MnX3N0YXRlJwpwMTIKY2Nv\ncHlfcmVnCl9yZWNvbnN0cnVjdG9yCnAxMwooY2RqYW5nby5kYi5tb2RlbHMuYmFzZQpNb2RlbFN0\nYXRlCnAxNApjX19idWlsdGluX18Kb2JqZWN0CnAxNQpOdFJwMTYKKGRwMTcKUydhZGRpbmcnCnAx\nOApJMDAKc1MnZGInCnAxOQpTJ2RlZmF1bHQnCnAyMApzYnNTJ2N1cnJlbnRfaXRlcmF0aW9uX2lk\nJwpwMjEKSTQKc1MnY2xvc2VkX3NvbHZlZF9zdWJqZWN0cycKcDIyClZ7J3RvdGFsJzogMSwgJ3N1\nYmplY3RzJzogW3sndXJsJzogJy9wcm9qZWN0cy9sYWJvcmFuZ2UvaXRlcmF0aW9ucy8yLXNwcmlu\ndC0wL3N1YmplY3RzLzYvNC1icnZlci8nLCAncG9zdGVkX2F0JzogJzEwLzEwLzExIDE0OjIzJywg\nJ3RvdGFsX3JlcGxpZXMnOiAxLCAnbmFtZSc6IHUnYnJ2ZXInLCAnYXV0aG9yJzogdSdMdWRvdmlj\nIExFR0VOREFSVCd9XSwgJ3JlcGxpZXMnOiAxfQpwMjMKc1MnZmlsZScKcDI0ClZyZXBvcnRfZmls\nZXMvbGFiT3JhbmdlX0RhaWx5LVJlcG9ydF8yMDExLTEwLTIyLnhscwpwMjUKc1MnZGF0ZScKcDI2\nCmNkYXRldGltZQpkYXRlCnAyNwooUydceDA3XHhkYlxuXHgxNicKdFJwMjgKc1MncHJvamVjdF9p\nZCcKcDI5CkkyCnNTJ2lkJwpwMzAKSTUKc1MnbmV3X3N1YmplY3RzJwpwMzEKVnsndG90YWwnOiAw\nLCAnc3ViamVjdHMnOiBbXSwgJ3JlcGxpZXMnOiAwfQpwMzIKc1MnY2xvc2VkX3Vuc29sdmVkX3N1\nYmplY3RzJwpwMzMKVnsndG90YWwnOiAxLCAnc3ViamVjdHMnOiBbeyd1cmwnOiAnL3Byb2plY3Rz\nL2xhYm9yYW5nZS9pdGVyYXRpb25zLzItc3ByaW50LTAvc3ViamVjdHMvNC80LXRpdG8vJywgJ3Bv\nc3RlZF9hdCc6ICcxMC8xMC8xMSAxNDoyMycsICd0b3RhbF9yZXBsaWVzJzogMCwgJ25hbWUnOiB1\nJ1RpdG8nLCAnYXV0aG9yJzogdSdMdWRvdmljIExFR0VOREFSVCd9XSwgJ3JlcGxpZXMnOiAwfQpw\nMzQKc2JzSTAxCk50cDM1CmEoSTMKZzIKZzMKSTAxCk50cDM2CmEu\n',)
(0.000) SELECT "steering_report"."id", "steering_report"."date", "steering_report"."project_id", "steering_report"."current_iteration_id", "steering_report"."new_subjects", "steering_report"."open_subjects", "steering_report"."closed_solved_subjects", "steering_report"."closed_unsolved_subjects", "steering_report"."file" FROM "steering_report" WHERE ("steering_report"."date" = 2011-10-22  AND "steering_report"."project_id" = 3 ); args=('2011-10-22', 3)
(0.000) SELECT "steering_iteration"."id", "steering_iteration"."name", "steering_iteration"."rank", "steering_iteration"."description", "steering_iteration"."provisional_start_date", "steering_iteration"."provisional_end_date", "steering_iteration"."effective_start_date", "steering_iteration"."effective_end_date", "steering_iteration"."state_id", "steering_iteration"."project_id", "steering_iteration"."slug", "steering_iteration"."current" FROM "steering_iteration" WHERE ("steering_iteration"."project_id" = 3  AND "steering_iteration"."current" = True ); args=(3, True)
(0.002) SELECT "steering_subject"."id", "steering_subject"."name", "steering_subject"."content", "steering_subject"."author_id", "steering_subject"."updated_at", "steering_subject"."created_at", "steering_subject"."state_id", "steering_subject"."iteration_id", "steering_subject"."slug" FROM "steering_subject" WHERE ("steering_subject"."iteration_id" = 7  AND "steering_subject"."created_at" >= 2011-10-20 00:00:00 ); args=(7, u'2011-10-20 00:00:00')
(0.000) SELECT "steering_state"."id", "steering_state"."name", "steering_state"."type", "steering_state"."rank", "steering_state"."icon" FROM "steering_state" WHERE "steering_state"."name" = Open ; args=('Open',)
(0.000) SELECT "steering_subject"."id", "steering_subject"."name", "steering_subject"."content", "steering_subject"."author_id", "steering_subject"."updated_at", "steering_subject"."created_at", "steering_subject"."state_id", "steering_subject"."iteration_id", "steering_subject"."slug" FROM "steering_subject" WHERE ("steering_subject"."state_id" = 4  AND "steering_subject"."iteration_id" = 7 ); args=(4, 7)
(0.000) SELECT "steering_iteration"."id", "steering_iteration"."name", "steering_iteration"."rank", "steering_iteration"."description", "steering_iteration"."provisional_start_date", "steering_iteration"."provisional_end_date", "steering_iteration"."effective_start_date", "steering_iteration"."effective_end_date", "steering_iteration"."state_id", "steering_iteration"."project_id", "steering_iteration"."slug", "steering_iteration"."current" FROM "steering_iteration" WHERE "steering_iteration"."id" = 7 ; args=(7,)
(0.000) SELECT "core_project"."id", "core_project"."name", "core_project"."slug", "core_project"."description", "core_project"."enable_reports_generation" FROM "core_project" WHERE "core_project"."id" = 3 ; args=(3,)
(0.000) SELECT "core_projectactor"."id", "core_projectactor"."project_id", "core_projectactor"."user_id" FROM "core_projectactor" WHERE "core_projectactor"."id" = 6 ; args=(6,)
(0.000) SELECT "auth_user"."id", "auth_user"."username", "auth_user"."first_name", "auth_user"."last_name", "auth_user"."email", "auth_user"."password", "auth_user"."is_staff", "auth_user"."is_active", "auth_user"."is_superuser", "auth_user"."last_login", "auth_user"."date_joined" FROM "auth_user" WHERE "auth_user"."id" = 4 ; args=(4,)
(0.000) SELECT COUNT(*) FROM "steering_reply" WHERE "steering_reply"."subject_id" = 7 ; args=(7,)
(0.000) SELECT COUNT(*) FROM "steering_reply" WHERE "steering_reply"."subject_id" = 7 ; args=(7,)
(0.000) SELECT "steering_state"."id", "steering_state"."name", "steering_state"."type", "steering_state"."rank", "steering_state"."icon" FROM "steering_state" WHERE "steering_state"."name" = Closed [Solved] ; args=('Closed [Solved]',)
(0.000) SELECT "steering_subject"."id", "steering_subject"."name", "steering_subject"."content", "steering_subject"."author_id", "steering_subject"."updated_at", "steering_subject"."created_at", "steering_subject"."state_id", "steering_subject"."iteration_id", "steering_subject"."slug" FROM "steering_subject" WHERE ("steering_subject"."state_id" = 5  AND "steering_subject"."iteration_id" = 7 ); args=(5, 7)
(0.000) SELECT "steering_iteration"."id", "steering_iteration"."name", "steering_iteration"."rank", "steering_iteration"."description", "steering_iteration"."provisional_start_date", "steering_iteration"."provisional_end_date", "steering_iteration"."effective_start_date", "steering_iteration"."effective_end_date", "steering_iteration"."state_id", "steering_iteration"."project_id", "steering_iteration"."slug", "steering_iteration"."current" FROM "steering_iteration" WHERE "steering_iteration"."id" = 7 ; args=(7,)
(0.000) SELECT "core_project"."id", "core_project"."name", "core_project"."slug", "core_project"."description", "core_project"."enable_reports_generation" FROM "core_project" WHERE "core_project"."id" = 3 ; args=(3,)
(0.000) SELECT "core_projectactor"."id", "core_projectactor"."project_id", "core_projectactor"."user_id" FROM "core_projectactor" WHERE "core_projectactor"."id" = 5 ; args=(5,)
(0.000) SELECT "auth_user"."id", "auth_user"."username", "auth_user"."first_name", "auth_user"."last_name", "auth_user"."email", "auth_user"."password", "auth_user"."is_staff", "auth_user"."is_active", "auth_user"."is_superuser", "auth_user"."last_login", "auth_user"."date_joined" FROM "auth_user" WHERE "auth_user"."id" = 2 ; args=(2,)
(0.000) SELECT COUNT(*) FROM "steering_reply" WHERE "steering_reply"."subject_id" = 9 ; args=(9,)
(0.000) SELECT COUNT(*) FROM "steering_reply" WHERE "steering_reply"."subject_id" = 9 ; args=(9,)
(0.000) SELECT "steering_state"."id", "steering_state"."name", "steering_state"."type", "steering_state"."rank", "steering_state"."icon" FROM "steering_state" WHERE "steering_state"."name" = Closed [Unsolved] ; args=('Closed [Unsolved]',)
(0.000) SELECT "steering_subject"."id", "steering_subject"."name", "steering_subject"."content", "steering_subject"."author_id", "steering_subject"."updated_at", "steering_subject"."created_at", "steering_subject"."state_id", "steering_subject"."iteration_id", "steering_subject"."slug" FROM "steering_subject" WHERE ("steering_subject"."state_id" = 6  AND "steering_subject"."iteration_id" = 7 ); args=(6, 7)
(0.000) SELECT "steering_iteration"."id", "steering_iteration"."name", "steering_iteration"."rank", "steering_iteration"."description", "steering_iteration"."provisional_start_date", "steering_iteration"."provisional_end_date", "steering_iteration"."effective_start_date", "steering_iteration"."effective_end_date", "steering_iteration"."state_id", "steering_iteration"."project_id", "steering_iteration"."slug", "steering_iteration"."current" FROM "steering_iteration" WHERE "steering_iteration"."id" = 7 ; args=(7,)
(0.000) SELECT "core_project"."id", "core_project"."name", "core_project"."slug", "core_project"."description", "core_project"."enable_reports_generation" FROM "core_project" WHERE "core_project"."id" = 3 ; args=(3,)
(0.000) SELECT "core_projectactor"."id", "core_projectactor"."project_id", "core_projectactor"."user_id" FROM "core_projectactor" WHERE "core_projectactor"."id" = 6 ; args=(6,)
(0.000) SELECT "auth_user"."id", "auth_user"."username", "auth_user"."first_name", "auth_user"."last_name", "auth_user"."email", "auth_user"."password", "auth_user"."is_staff", "auth_user"."is_active", "auth_user"."is_superuser", "auth_user"."last_login", "auth_user"."date_joined" FROM "auth_user" WHERE "auth_user"."id" = 4 ; args=(4,)
(0.000) SELECT COUNT(*) FROM "steering_reply" WHERE "steering_reply"."subject_id" = 8 ; args=(8,)
(0.000) SELECT COUNT(*) FROM "steering_reply" WHERE "steering_reply"."subject_id" = 8 ; args=(8,)
(0.002) INSERT INTO "steering_report" ("date", "project_id", "current_iteration_id", "new_subjects", "open_subjects", "closed_solved_subjects", "closed_unsolved_subjects", "file") VALUES (2011-10-22, 3, 7, {'total': 0, 'subjects': [], 'replies': 0}, {'total': 1, 'subjects': [{'url': '/projects/mytf1/iterations/3-recrutement/subjects/7/7-premier-cible/', 'posted_at': '18/10/11 14:30', 'total_replies': 1, 'name': u'premier cible', 'author': u'Foo BAR'}], 'replies': 1}, {'total': 1, 'subjects': [{'url': '/projects/mytf1/iterations/3-recrutement/subjects/9/7-toto/', 'posted_at': '18/10/11 14:47', 'total_replies': 1, 'name': u'toto', 'author': u'Ludovic LEGENDART'}], 'replies': 1}, {'total': 1, 'subjects': [{'url': '/projects/mytf1/iterations/3-recrutement/subjects/8/7-ceci-est-un-test/', 'posted_at': '18/10/11 14:39', 'total_replies': 0, 'name': u'ceci est un test', 'author': u'Foo BAR'}], 'replies': 0}, ); args=('2011-10-22', 3, 7, "{'total': 0, 'subjects': [], 'replies': 0}", "{'total': 1, 'subjects': [{'url': '/projects/mytf1/iterations/3-recrutement/subjects/7/7-premier-cible/', 'posted_at': '18/10/11 14:30', 'total_replies': 1, 'name': u'premier cible', 'author': u'Foo BAR'}], 'replies': 1}", "{'total': 1, 'subjects': [{'url': '/projects/mytf1/iterations/3-recrutement/subjects/9/7-toto/', 'posted_at': '18/10/11 14:47', 'total_replies': 1, 'name': u'toto', 'author': u'Ludovic LEGENDART'}], 'replies': 1}", "{'total': 1, 'subjects': [{'url': '/projects/mytf1/iterations/3-recrutement/subjects/8/7-ceci-est-un-test/', 'posted_at': '18/10/11 14:39', 'total_replies': 0, 'name': u'ceci est un test', 'author': u'Foo BAR'}], 'replies': 0}", u'')
(0.000) SELECT "auth_group"."id", "auth_group"."name" FROM "auth_group" WHERE "auth_group"."name" = myTF1 ; args=(u'myTF1',)
(0.000) SELECT "auth_permission"."id", "auth_permission"."name", "auth_permission"."content_type_id", "auth_permission"."codename" FROM "auth_permission" WHERE ("auth_permission"."codename" = view_report  AND "auth_permission"."content_type_id" = 20 ); args=('view_report', 20)
(0.000) SELECT "guardian_groupobjectpermission"."id", "guardian_groupobjectpermission"."permission_id", "guardian_groupobjectpermission"."content_type_id", "guardian_groupobjectpermission"."object_pk", "guardian_groupobjectpermission"."group_id" FROM "guardian_groupobjectpermission" WHERE ("guardian_groupobjectpermission"."object_pk" = 6  AND "guardian_groupobjectpermission"."group_id" = 3  AND "guardian_groupobjectpermission"."content_type_id" = 20  AND "guardian_groupobjectpermission"."permission_id" = 66 ); args=(u'6', 3, 20, 66)
(0.000) SELECT "django_content_type"."id", "django_content_type"."name", "django_content_type"."app_label", "django_content_type"."model" FROM "django_content_type" WHERE "django_content_type"."id" = 20 ; args=(20,)
(0.000) INSERT INTO "guardian_groupobjectpermission" ("permission_id", "content_type_id", "object_pk", "group_id") VALUES (66, 20, 6, 3); args=(66, 20, u'6', 3)
(0.000) SELECT "steering_iteration"."id", "steering_iteration"."name", "steering_iteration"."rank", "steering_iteration"."description", "steering_iteration"."provisional_start_date", "steering_iteration"."provisional_end_date", "steering_iteration"."effective_start_date", "steering_iteration"."effective_end_date", "steering_iteration"."state_id", "steering_iteration"."project_id", "steering_iteration"."slug", "steering_iteration"."current" FROM "steering_iteration" WHERE "steering_iteration"."project_id" = 3  ORDER BY "steering_iteration"."rank" ASC; args=(3,)
(0.000) SELECT "steering_state"."id", "steering_state"."name", "steering_state"."type", "steering_state"."rank", "steering_state"."icon" FROM "steering_state" WHERE "steering_state"."id" = 3 ; args=(3,)
(0.000) SELECT "steering_state"."id", "steering_state"."name", "steering_state"."type", "steering_state"."rank", "steering_state"."icon" FROM "steering_state" WHERE "steering_state"."name" = Finished ; args=('Finished',)
(0.000) SELECT "steering_report_completed_iterations"."iteration_id" FROM "steering_report_completed_iterations" WHERE ("steering_report_completed_iterations"."report_id" = 6  AND "steering_report_completed_iterations"."iteration_id" IN (6)); args=(6, 6)
(0.000) INSERT INTO "steering_report_completed_iterations" ("report_id", "iteration_id") VALUES (6, 6); args=(6, 6)
(0.000) SELECT (1) AS "a" FROM "steering_report" WHERE "steering_report"."id" = 6  LIMIT 1; args=(6,)
(0.000) UPDATE "steering_report" SET "date" = 2011-10-22, "project_id" = 3, "current_iteration_id" = 7, "new_subjects" = {'total': 0, 'subjects': [], 'replies': 0}, "open_subjects" = {'total': 1, 'subjects': [{'url': '/projects/mytf1/iterations/3-recrutement/subjects/7/7-premier-cible/', 'posted_at': '18/10/11 14:30', 'total_replies': 1, 'name': u'premier cible', 'author': u'Foo BAR'}], 'replies': 1}, "closed_solved_subjects" = {'total': 1, 'subjects': [{'url': '/projects/mytf1/iterations/3-recrutement/subjects/9/7-toto/', 'posted_at': '18/10/11 14:47', 'total_replies': 1, 'name': u'toto', 'author': u'Ludovic LEGENDART'}], 'replies': 1}, "closed_unsolved_subjects" = {'total': 1, 'subjects': [{'url': '/projects/mytf1/iterations/3-recrutement/subjects/8/7-ceci-est-un-test/', 'posted_at': '18/10/11 14:39', 'total_replies': 0, 'name': u'ceci est un test', 'author': u'Foo BAR'}], 'replies': 0}, "file" =  WHERE "steering_report"."id" = 6 ; args=('2011-10-22', 3, 7, "{'total': 0, 'subjects': [], 'replies': 0}", "{'total': 1, 'subjects': [{'url': '/projects/mytf1/iterations/3-recrutement/subjects/7/7-premier-cible/', 'posted_at': '18/10/11 14:30', 'total_replies': 1, 'name': u'premier cible', 'author': u'Foo BAR'}], 'replies': 1}", "{'total': 1, 'subjects': [{'url': '/projects/mytf1/iterations/3-recrutement/subjects/9/7-toto/', 'posted_at': '18/10/11 14:47', 'total_replies': 1, 'name': u'toto', 'author': u'Ludovic LEGENDART'}], 'replies': 1}", "{'total': 1, 'subjects': [{'url': '/projects/mytf1/iterations/3-recrutement/subjects/8/7-ceci-est-un-test/', 'posted_at': '18/10/11 14:39', 'total_replies': 0, 'name': u'ceci est un test', 'author': u'Foo BAR'}], 'replies': 0}", u'', 6)
(0.000) SELECT "auth_group"."id", "auth_group"."name" FROM "auth_group" WHERE "auth_group"."name" = myTF1 ; args=(u'myTF1',)
(0.000) SELECT "auth_permission"."id", "auth_permission"."name", "auth_permission"."content_type_id", "auth_permission"."codename" FROM "auth_permission" WHERE ("auth_permission"."codename" = view_report  AND "auth_permission"."content_type_id" = 20 ); args=('view_report', 20)
(0.000) SELECT "guardian_groupobjectpermission"."id", "guardian_groupobjectpermission"."permission_id", "guardian_groupobjectpermission"."content_type_id", "guardian_groupobjectpermission"."object_pk", "guardian_groupobjectpermission"."group_id" FROM "guardian_groupobjectpermission" WHERE ("guardian_groupobjectpermission"."object_pk" = 6  AND "guardian_groupobjectpermission"."group_id" = 3  AND "guardian_groupobjectpermission"."content_type_id" = 20  AND "guardian_groupobjectpermission"."permission_id" = 66 ); args=(u'6', 3, 20, 66)
(0.000) SELECT "core_project"."id", "core_project"."name", "core_project"."slug", "core_project"."description", "core_project"."enable_reports_generation" FROM "core_project" WHERE "core_project"."id" = 3 ; args=(3,)
(0.000) SELECT COUNT(*) FROM "steering_subject" WHERE "steering_subject"."iteration_id" = 7 ; args=(7,)
(0.000) SELECT "steering_subject"."id", "steering_subject"."name", "steering_subject"."content", "steering_subject"."author_id", "steering_subject"."updated_at", "steering_subject"."created_at", "steering_subject"."state_id", "steering_subject"."iteration_id", "steering_subject"."slug" FROM "steering_subject" WHERE "steering_subject"."iteration_id" = 7 ; args=(7,)
(0.000) SELECT COUNT(*) FROM "steering_reply" WHERE "steering_reply"."subject_id" = 7 ; args=(7,)
(0.000) SELECT COUNT(*) FROM "steering_reply" WHERE "steering_reply"."subject_id" = 8 ; args=(8,)
(0.000) SELECT COUNT(*) FROM "steering_reply" WHERE "steering_reply"."subject_id" = 9 ; args=(9,)
(0.000) SELECT "steering_iteration"."id", "steering_iteration"."name", "steering_iteration"."rank", "steering_iteration"."description", "steering_iteration"."provisional_start_date", "steering_iteration"."provisional_end_date", "steering_iteration"."effective_start_date", "steering_iteration"."effective_end_date", "steering_iteration"."state_id", "steering_iteration"."project_id", "steering_iteration"."slug", "steering_iteration"."current" FROM "steering_iteration" INNER JOIN "steering_report_completed_iterations" ON ("steering_iteration"."id" = "steering_report_completed_iterations"."iteration_id") WHERE "steering_report_completed_iterations"."report_id" = 6  ORDER BY "steering_iteration"."rank" ASC; args=(6,)
(0.000) SELECT "steering_iteration"."id", "steering_iteration"."name", "steering_iteration"."rank", "steering_iteration"."description", "steering_iteration"."provisional_start_date", "steering_iteration"."provisional_end_date", "steering_iteration"."effective_start_date", "steering_iteration"."effective_end_date", "steering_iteration"."state_id", "steering_iteration"."project_id", "steering_iteration"."slug", "steering_iteration"."current" FROM "steering_iteration" INNER JOIN "steering_report_upcoming_iterations" ON ("steering_iteration"."id" = "steering_report_upcoming_iterations"."iteration_id") WHERE "steering_report_upcoming_iterations"."report_id" = 6  ORDER BY "steering_iteration"."rank" ASC; args=(6,)
(0.000) SELECT (1) AS "a" FROM "steering_report" WHERE "steering_report"."id" = 6  LIMIT 1; args=(6,)
(0.000) UPDATE "steering_report" SET "date" = 2011-10-22, "project_id" = 3, "current_iteration_id" = 7, "new_subjects" = {'total': 0, 'subjects': [], 'replies': 0}, "open_subjects" = {'total': 1, 'subjects': [{'url': '/projects/mytf1/iterations/3-recrutement/subjects/7/7-premier-cible/', 'posted_at': '18/10/11 14:30', 'total_replies': 1, 'name': u'premier cible', 'author': u'Foo BAR'}], 'replies': 1}, "closed_solved_subjects" = {'total': 1, 'subjects': [{'url': '/projects/mytf1/iterations/3-recrutement/subjects/9/7-toto/', 'posted_at': '18/10/11 14:47', 'total_replies': 1, 'name': u'toto', 'author': u'Ludovic LEGENDART'}], 'replies': 1}, "closed_unsolved_subjects" = {'total': 1, 'subjects': [{'url': '/projects/mytf1/iterations/3-recrutement/subjects/8/7-ceci-est-un-test/', 'posted_at': '18/10/11 14:39', 'total_replies': 0, 'name': u'ceci est un test', 'author': u'Foo BAR'}], 'replies': 0}, "file" = report_files/myTF1_Daily-Report_2011-10-22.xls WHERE "steering_report"."id" = 6 ; args=('2011-10-22', 3, 7, "{'total': 0, 'subjects': [], 'replies': 0}", "{'total': 1, 'subjects': [{'url': '/projects/mytf1/iterations/3-recrutement/subjects/7/7-premier-cible/', 'posted_at': '18/10/11 14:30', 'total_replies': 1, 'name': u'premier cible', 'author': u'Foo BAR'}], 'replies': 1}", "{'total': 1, 'subjects': [{'url': '/projects/mytf1/iterations/3-recrutement/subjects/9/7-toto/', 'posted_at': '18/10/11 14:47', 'total_replies': 1, 'name': u'toto', 'author': u'Ludovic LEGENDART'}], 'replies': 1}", "{'total': 1, 'subjects': [{'url': '/projects/mytf1/iterations/3-recrutement/subjects/8/7-ceci-est-un-test/', 'posted_at': '18/10/11 14:39', 'total_replies': 0, 'name': u'ceci est un test', 'author': u'Foo BAR'}], 'replies': 0}", u'report_files/myTF1_Daily-Report_2011-10-22.xls', 6)
(0.000) SELECT "auth_group"."id", "auth_group"."name" FROM "auth_group" WHERE "auth_group"."name" = myTF1 ; args=(u'myTF1',)
(0.000) SELECT "auth_permission"."id", "auth_permission"."name", "auth_permission"."content_type_id", "auth_permission"."codename" FROM "auth_permission" WHERE ("auth_permission"."codename" = view_report  AND "auth_permission"."content_type_id" = 20 ); args=('view_report', 20)
(0.000) SELECT "guardian_groupobjectpermission"."id", "guardian_groupobjectpermission"."permission_id", "guardian_groupobjectpermission"."content_type_id", "guardian_groupobjectpermission"."object_pk", "guardian_groupobjectpermission"."group_id" FROM "guardian_groupobjectpermission" WHERE ("guardian_groupobjectpermission"."object_pk" = 6  AND "guardian_groupobjectpermission"."group_id" = 3  AND "guardian_groupobjectpermission"."content_type_id" = 20  AND "guardian_groupobjectpermission"."permission_id" = 66 ); args=(u'6', 3, 20, 66)
(0.000) SELECT "core_projectactor"."id", "core_projectactor"."project_id", "core_projectactor"."user_id" FROM "core_projectactor" WHERE "core_projectactor"."project_id" = 3 ; args=(3,)
(0.000) SELECT "auth_user"."id", "auth_user"."username", "auth_user"."first_name", "auth_user"."last_name", "auth_user"."email", "auth_user"."password", "auth_user"."is_staff", "auth_user"."is_active", "auth_user"."is_superuser", "auth_user"."last_login", "auth_user"."date_joined" FROM "auth_user" WHERE "auth_user"."id" = 2 ; args=(2,)
(0.000) SELECT "auth_user"."id", "auth_user"."username", "auth_user"."first_name", "auth_user"."last_name", "auth_user"."email", "auth_user"."password", "auth_user"."is_staff", "auth_user"."is_active", "auth_user"."is_superuser", "auth_user"."last_login", "auth_user"."date_joined" FROM "auth_user" WHERE "auth_user"."id" = 4 ; args=(4,)
(0.000) SELECT "steering_report"."id", "steering_report"."date", "steering_report"."project_id", "steering_report"."current_iteration_id", "steering_report"."new_subjects", "steering_report"."open_subjects", "steering_report"."closed_solved_subjects", "steering_report"."closed_unsolved_subjects", "steering_report"."file" FROM "steering_report" WHERE "steering_report"."id" = 6 ; args=(6,)
(0.000) INSERT INTO "notification_noticequeuebatch" ("pickled_data") VALUES (KGxwMQooSTIKUydkYWlseV9yZXBvcnRfZ2VuZXJhdGVkJwpwMgooZHAzClMncmVwb3J0JwpwNApj
ZGphbmdvLmRiLm1vZGVscy5iYXNlCm1vZGVsX3VucGlja2xlCnA1CihjYXBwLnN0ZWVyaW5nLm1v
ZGVscwpSZXBvcnQKcDYKKGxjZGphbmdvLmRiLm1vZGVscy5iYXNlCnNpbXBsZV9jbGFzc19mYWN0
b3J5CnA3CnRScDgKKGRwOQpTJ29wZW5fc3ViamVjdHMnCnAxMApWeyd0b3RhbCc6IDEsICdzdWJq
ZWN0cyc6IFt7J3VybCc6ICcvcHJvamVjdHMvbXl0ZjEvaXRlcmF0aW9ucy8zLXJlY3J1dGVtZW50
L3N1YmplY3RzLzcvNy1wcmVtaWVyLWNpYmxlLycsICdwb3N0ZWRfYXQnOiAnMTgvMTAvMTEgMTQ6
MzAnLCAndG90YWxfcmVwbGllcyc6IDEsICduYW1lJzogdSdwcmVtaWVyIGNpYmxlJywgJ2F1dGhv
cic6IHUnRm9vIEJBUid9XSwgJ3JlcGxpZXMnOiAxfQpwMTEKc1MnX3N0YXRlJwpwMTIKY2NvcHlf
cmVnCl9yZWNvbnN0cnVjdG9yCnAxMwooY2RqYW5nby5kYi5tb2RlbHMuYmFzZQpNb2RlbFN0YXRl
CnAxNApjX19idWlsdGluX18Kb2JqZWN0CnAxNQpOdFJwMTYKKGRwMTcKUydhZGRpbmcnCnAxOApJ
MDAKc1MnZGInCnAxOQpTJ2RlZmF1bHQnCnAyMApzYnNTJ2N1cnJlbnRfaXRlcmF0aW9uX2lkJwpw
MjEKSTcKc1MnY2xvc2VkX3NvbHZlZF9zdWJqZWN0cycKcDIyClZ7J3RvdGFsJzogMSwgJ3N1Ympl
Y3RzJzogW3sndXJsJzogJy9wcm9qZWN0cy9teXRmMS9pdGVyYXRpb25zLzMtcmVjcnV0ZW1lbnQv
c3ViamVjdHMvOS83LXRvdG8vJywgJ3Bvc3RlZF9hdCc6ICcxOC8xMC8xMSAxNDo0NycsICd0b3Rh
bF9yZXBsaWVzJzogMSwgJ25hbWUnOiB1J3RvdG8nLCAnYXV0aG9yJzogdSdMdWRvdmljIExFR0VO
REFSVCd9XSwgJ3JlcGxpZXMnOiAxfQpwMjMKc1MnZmlsZScKcDI0ClZyZXBvcnRfZmlsZXMvbXlU
RjFfRGFpbHktUmVwb3J0XzIwMTEtMTAtMjIueGxzCnAyNQpzUydkYXRlJwpwMjYKY2RhdGV0aW1l
CmRhdGUKcDI3CihTJ1x4MDdceGRiXG5ceDE2Jwp0UnAyOApzUydwcm9qZWN0X2lkJwpwMjkKSTMK
c1MnaWQnCnAzMApJNgpzUyduZXdfc3ViamVjdHMnCnAzMQpWeyd0b3RhbCc6IDAsICdzdWJqZWN0
cyc6IFtdLCAncmVwbGllcyc6IDB9CnAzMgpzUydjbG9zZWRfdW5zb2x2ZWRfc3ViamVjdHMnCnAz
MwpWeyd0b3RhbCc6IDEsICdzdWJqZWN0cyc6IFt7J3VybCc6ICcvcHJvamVjdHMvbXl0ZjEvaXRl
cmF0aW9ucy8zLXJlY3J1dGVtZW50L3N1YmplY3RzLzgvNy1jZWNpLWVzdC11bi10ZXN0LycsICdw
b3N0ZWRfYXQnOiAnMTgvMTAvMTEgMTQ6MzknLCAndG90YWxfcmVwbGllcyc6IDAsICduYW1lJzog
dSdjZWNpIGVzdCB1biB0ZXN0JywgJ2F1dGhvcic6IHUnRm9vIEJBUid9XSwgJ3JlcGxpZXMnOiAw
fQpwMzQKc2JzSTAxCk50cDM1CmEoSTQKZzIKZzMKSTAxCk50cDM2CmEu
); args=('KGxwMQooSTIKUydkYWlseV9yZXBvcnRfZ2VuZXJhdGVkJwpwMgooZHAzClMncmVwb3J0JwpwNApj\nZGphbmdvLmRiLm1vZGVscy5iYXNlCm1vZGVsX3VucGlja2xlCnA1CihjYXBwLnN0ZWVyaW5nLm1v\nZGVscwpSZXBvcnQKcDYKKGxjZGphbmdvLmRiLm1vZGVscy5iYXNlCnNpbXBsZV9jbGFzc19mYWN0\nb3J5CnA3CnRScDgKKGRwOQpTJ29wZW5fc3ViamVjdHMnCnAxMApWeyd0b3RhbCc6IDEsICdzdWJq\nZWN0cyc6IFt7J3VybCc6ICcvcHJvamVjdHMvbXl0ZjEvaXRlcmF0aW9ucy8zLXJlY3J1dGVtZW50\nL3N1YmplY3RzLzcvNy1wcmVtaWVyLWNpYmxlLycsICdwb3N0ZWRfYXQnOiAnMTgvMTAvMTEgMTQ6\nMzAnLCAndG90YWxfcmVwbGllcyc6IDEsICduYW1lJzogdSdwcmVtaWVyIGNpYmxlJywgJ2F1dGhv\ncic6IHUnRm9vIEJBUid9XSwgJ3JlcGxpZXMnOiAxfQpwMTEKc1MnX3N0YXRlJwpwMTIKY2NvcHlf\ncmVnCl9yZWNvbnN0cnVjdG9yCnAxMwooY2RqYW5nby5kYi5tb2RlbHMuYmFzZQpNb2RlbFN0YXRl\nCnAxNApjX19idWlsdGluX18Kb2JqZWN0CnAxNQpOdFJwMTYKKGRwMTcKUydhZGRpbmcnCnAxOApJ\nMDAKc1MnZGInCnAxOQpTJ2RlZmF1bHQnCnAyMApzYnNTJ2N1cnJlbnRfaXRlcmF0aW9uX2lkJwpw\nMjEKSTcKc1MnY2xvc2VkX3NvbHZlZF9zdWJqZWN0cycKcDIyClZ7J3RvdGFsJzogMSwgJ3N1Ympl\nY3RzJzogW3sndXJsJzogJy9wcm9qZWN0cy9teXRmMS9pdGVyYXRpb25zLzMtcmVjcnV0ZW1lbnQv\nc3ViamVjdHMvOS83LXRvdG8vJywgJ3Bvc3RlZF9hdCc6ICcxOC8xMC8xMSAxNDo0NycsICd0b3Rh\nbF9yZXBsaWVzJzogMSwgJ25hbWUnOiB1J3RvdG8nLCAnYXV0aG9yJzogdSdMdWRvdmljIExFR0VO\nREFSVCd9XSwgJ3JlcGxpZXMnOiAxfQpwMjMKc1MnZmlsZScKcDI0ClZyZXBvcnRfZmlsZXMvbXlU\nRjFfRGFpbHktUmVwb3J0XzIwMTEtMTAtMjIueGxzCnAyNQpzUydkYXRlJwpwMjYKY2RhdGV0aW1l\nCmRhdGUKcDI3CihTJ1x4MDdceGRiXG5ceDE2Jwp0UnAyOApzUydwcm9qZWN0X2lkJwpwMjkKSTMK\nc1MnaWQnCnAzMApJNgpzUyduZXdfc3ViamVjdHMnCnAzMQpWeyd0b3RhbCc6IDAsICdzdWJqZWN0\ncyc6IFtdLCAncmVwbGllcyc6IDB9CnAzMgpzUydjbG9zZWRfdW5zb2x2ZWRfc3ViamVjdHMnCnAz\nMwpWeyd0b3RhbCc6IDEsICdzdWJqZWN0cyc6IFt7J3VybCc6ICcvcHJvamVjdHMvbXl0ZjEvaXRl\ncmF0aW9ucy8zLXJlY3J1dGVtZW50L3N1YmplY3RzLzgvNy1jZWNpLWVzdC11bi10ZXN0LycsICdw\nb3N0ZWRfYXQnOiAnMTgvMTAvMTEgMTQ6MzknLCAndG90YWxfcmVwbGllcyc6IDAsICduYW1lJzog\ndSdjZWNpIGVzdCB1biB0ZXN0JywgJ2F1dGhvcic6IHUnRm9vIEJBUid9XSwgJ3JlcGxpZXMnOiAw\nfQpwMzQKc2JzSTAxCk50cDM1CmEoSTQKZzIKZzMKSTAxCk50cDM2CmEu\n',)
